\BOOKMARK [0][-]{chapter.1}{\376\377\004\022\004\062\004\065\004\064\004\065\004\075\004\070\004\065\000.\000\040\004\041\004\105\004\065\004\074\004\076\004\102\004\065\004\105\004\075\004\070\004\072\004\060\000\040\004\072\004\076\004\074\004\061\004\070\004\075\004\060\004\106\004\070\004\076\004\075\004\075\004\113\004\105\000\040\004\103\004\101\004\102\004\100\004\076\004\071\004\101\004\102\004\062\000.}{}% 1
\BOOKMARK [1][-]{section*.2}{\376\377\004\022\004\113\004\062\004\076\004\064\000\040\004\075\004\060\000\040\004\072\004\076\004\075\004\101\004\076\004\073\004\114\000\040\004\062\004\076\000\040\004\062\004\100\004\065\004\074\004\117\000\040\004\101\004\070\004\074\004\103\004\073\004\117\004\106\004\070\004\070}{chapter.1}% 2
\BOOKMARK [0][-]{chapter.2}{\376\377\004\036\004\101\004\075\004\076\004\062\004\113\000\040\000V\000H\000D\000L\000\040\004\064\004\073\004\117\000\040\004\101\004\070\004\075\004\102\004\065\004\067\004\060\000\040\004\070\000\040\004\074\004\076\004\064\004\065\004\073\004\070\004\100\004\076\004\062\004\060\004\075\004\070\004\117}{}% 3
\BOOKMARK [1][-]{section*.3}{\376\377\004\022\004\113\004\062\004\076\004\064\000\040\004\075\004\060\000\040\004\072\004\076\004\075\004\101\004\076\004\073\004\114\000\040\004\062\004\076\000\040\004\062\004\100\004\065\004\074\004\117\000\040\004\101\004\070\004\074\004\103\004\073\004\117\004\106\004\070\004\070}{chapter.2}% 4
\BOOKMARK [0][-]{chapter.3}{\376\377\004\034\004\076\004\064\004\065\004\073\004\070\004\100\004\076\004\062\004\060\004\075\004\070\004\065\000\040\004\101\004\105\004\065\004\074\000\040\004\075\004\060\000\040\004\117\004\067\004\113\004\072\004\065\000\040\000V\000H\000D\000L}{}% 5
\BOOKMARK [1][-]{section*.4}{\376\377\004\022\004\062\004\065\004\064\004\065\004\075\004\070\004\065\000\040\004\062\000\040\004\074\004\076\004\064\004\065\004\073\004\070\004\100\004\076\004\062\004\060\004\075\004\070\004\065}{chapter.3}% 6
\BOOKMARK [2][-]{section*.5}{\376\377\000V\000H\000D\000L\000\040\004\072\004\076\004\075\004\101\004\102\004\100\004\103\004\072\004\106\004\070\004\070\000\040\004\064\004\073\004\117\000\040\004\101\004\070\004\075\004\102\004\065\004\067\004\060\000\040\004\070\000\040\004\064\004\073\004\117\000\040\004\074\004\076\004\064\004\065\004\073\004\070\004\100\004\076\004\062\004\060\004\075\004\070\004\117}{section*.4}% 7
\BOOKMARK [2][-]{section*.6}{\376\377\004\036\004\077\004\065\004\100\004\060\004\102\004\076\004\100\000\040\000p\000r\000o\000c\000e\000s\000s}{section*.4}% 8
\BOOKMARK [2][-]{section*.10}{\376\377\004\033\004\060\004\061\004\076\004\100\004\060\004\102\004\076\004\100\004\075\004\060\004\117\000\040\004\100\004\060\004\061\004\076\004\102\004\060\000.\000\040\004\034\004\076\004\064\004\065\004\073\004\070\004\100\004\076\004\062\004\060\004\075\004\070\004\065\000\040\004\101\004\103\004\074\004\074\004\060\004\102\004\076\004\100\004\060\000\040\004\070\000\040\004\062\004\070\004\067\004\103\004\060\004\073\004\114\004\075\004\113\004\071\000\040\004\060\004\075\004\060\004\073\004\070\004\067\000\040\004\101\004\070\004\063\004\075\004\060\004\073\004\076\004\062}{section*.4}% 9
\BOOKMARK [1][-]{section*.11}{\376\377\004\045\004\076\004\100\004\076\004\110\004\060\004\117\000\040\004\077\004\100\004\060\004\072\004\102\004\070\004\072\004\060\000\040\004\074\004\076\004\064\004\065\004\073\004\070\004\100\004\076\004\062\004\060\004\075\004\070\004\117}{chapter.3}% 10
\BOOKMARK [2][-]{section*.12}{\376\377\004\022\004\113\004\062\004\076\004\064\000\040\004\075\004\060\000\040\004\072\004\076\004\075\004\101\004\076\004\073\004\114\000\040\004\062\004\076\000\040\004\062\004\100\004\065\004\074\004\117\000\040\004\101\004\070\004\074\004\103\004\073\004\117\004\106\004\070\004\070}{section*.11}% 11
\BOOKMARK [2][-]{section*.13}{\376\377\004\044\004\060\004\071\004\073\004\076\004\062\004\113\004\071\000\040\004\062\004\062\004\076\004\064\000/\004\062\004\113\004\062\004\076\004\064}{section*.11}% 12
\BOOKMARK [2][-]{section*.14}{\376\377\004\041\004\060\004\074\004\076\004\077\004\100\004\076\004\062\004\065\004\100\004\117\004\116\004\111\004\065\004\071\004\101\004\117\000\040\004\102\004\065\004\101\004\102\004\061\004\065\004\075\004\107}{section*.11}% 13
\BOOKMARK [2][-]{section*.15}{\376\377\004\033\004\060\004\061\004\076\004\100\004\060\004\102\004\076\004\100\004\075\004\060\004\117\000\040\004\100\004\060\004\061\004\076\004\102\004\060\000.\000\040\004\034\004\076\004\064\004\065\004\073\004\070\004\100\004\076\004\062\004\060\004\075\004\070\004\065\000\040\004\063\004\065\004\075\004\065\004\100\004\060\004\102\004\076\004\100\004\060\000\040\004\072\004\076\004\064\004\060\000\040\004\023\004\100\004\065\004\117\000\040\004\101\000\040\004\060\004\062\004\102\004\076\004\077\004\100\004\076\004\062\004\065\004\100\004\072\004\076\004\071\000\040\004\100\004\065\004\067\004\103\004\073\004\114\004\102\004\060\004\102\004\060}{section*.11}% 14
\BOOKMARK [0][-]{chapter.4}{\376\377\004\036\004\077\004\070\004\101\004\060\004\075\004\070\004\065\000\040\004\072\004\076\004\074\004\061\004\070\004\075\004\060\004\106\004\070\004\076\004\075\004\075\004\113\004\105\000\040\004\103\004\101\004\102\004\100\004\076\004\071\004\101\004\102\004\062\000\040\004\075\004\060\000\040\000V\000H\000D\000L}{}% 15
\BOOKMARK [1][-]{section*.23}{\376\377\004\037\004\060\004\100\004\060\004\073\004\073\004\065\004\073\004\114\004\075\004\076\004\065\000\040\004\075\004\060\004\067\004\075\004\060\004\107\004\065\004\075\004\070\004\065\000\040\004\101\004\070\004\063\004\075\004\060\004\073\004\076\004\062\000\040\004\062\000\040\000V\000H\000D\000L}{chapter.4}% 16
\BOOKMARK [2][-]{section*.24}{\376\377\004\037\004\100\004\076\004\101\004\102\004\076\004\065\000\040\004\075\004\060\004\067\004\075\004\060\004\107\004\065\004\075\004\070\004\065\000\040\004\101\004\070\004\063\004\075\004\060\004\073\004\076\004\062}{section*.23}% 17
\BOOKMARK [2][-]{section*.25}{\376\377\004\036\004\077\004\065\004\100\004\060\004\102\004\076\004\100\000\040\004\103\004\101\004\073\004\076\004\062\004\075\004\076\004\063\004\076\000\040\004\075\004\060\004\067\004\075\004\060\004\107\004\065\004\075\004\070\004\117\000\040\004\101\004\070\004\063\004\075\004\060\004\073\004\060\000\040\000W\000H\000E\000N}{section*.23}% 18
\BOOKMARK [2][-]{section*.26}{\376\377\004\036\004\077\004\065\004\100\004\060\004\102\004\076\004\100\000\040\004\062\004\113\004\061\004\076\004\100\004\076\004\107\004\075\004\076\004\063\004\076\000\040\004\075\004\060\004\067\004\075\004\060\004\107\004\065\004\075\004\070\004\117\000\040\004\101\004\070\004\063\004\075\004\060\004\073\004\060\000\040\000W\000I\000T\000H\000\040\000.\000.\000.\000\040\000S\000E\000L\000E\000C\000T}{section*.23}% 19
\BOOKMARK [1][-]{section*.27}{\376\377\004\037\004\076\004\101\004\073\004\065\004\064\004\076\004\062\004\060\004\102\004\065\004\073\004\114\004\075\004\076\004\065\000\040\004\075\004\060\004\067\004\075\004\060\004\107\004\065\004\075\004\070\004\065\000\040\004\101\004\070\004\063\004\075\004\060\004\073\004\076\004\062\000\040\004\062\000\040\000V\000H\000D\000L}{chapter.4}% 20
\BOOKMARK [2][-]{section*.28}{\376\377\004\036\004\077\004\065\004\100\004\060\004\102\004\076\004\100\000\040\004\077\004\100\004\076\004\106\004\065\004\101\004\101\004\060\000\040\000P\000R\000O\000C\000E\000S\000S}{section*.27}% 21
\BOOKMARK [2][-]{section*.29}{\376\377\004\036\004\077\004\065\004\100\004\060\004\102\004\076\004\100\000\040\004\076\004\066\004\070\004\064\004\060\004\075\004\070\004\117\000\040\000W\000A\000I\000T}{section*.27}% 22
\BOOKMARK [2][-]{section*.30}{\376\377\004\037\004\065\004\100\004\065\004\074\004\065\004\075\004\075\004\113\004\065\000\040\004\062\000\040\000V\000H\000D\000L}{section*.27}% 23
\BOOKMARK [2][-]{section*.31}{\376\377\004\036\004\077\004\065\004\100\004\060\004\102\004\076\004\100\000\040\000I\000F}{section*.27}% 24
\BOOKMARK [2][-]{section*.34}{\376\377\004\036\004\077\004\065\004\100\004\060\004\102\004\076\004\100\000\040\000C\000A\000S\000E}{section*.27}% 25
\BOOKMARK [1][-]{section*.36}{\376\377\004\037\004\100\004\060\004\062\004\070\004\073\004\060\000\040\004\076\004\077\004\070\004\101\004\060\004\075\004\070\004\117\000\040\004\072\004\076\004\074\004\061\004\070\004\075\004\060\004\106\004\070\004\076\004\075\004\075\004\113\004\105\000\040\004\101\004\105\004\065\004\074}{chapter.4}% 26
\BOOKMARK [1][-]{section*.37}{\376\377\004\037\004\100\004\060\004\072\004\102\004\070\004\072\004\060}{chapter.4}% 27
\BOOKMARK [2][-]{section*.38}{\376\377\004\032\004\076\004\074\004\074\004\103\004\102\004\060\004\102\004\076\004\100\000-\004\077\004\065\004\100\004\065\004\072\004\073\004\116\004\107\004\060\004\102\004\065\004\073\004\114\000\040\0002\000-\004\075\004\060\000-\0002}{section*.37}% 28
\BOOKMARK [2][-]{section*.39}{\376\377\004\032\004\076\004\075\004\062\004\065\004\100\004\102\004\065\004\100\000-\004\063\004\065\004\075\004\065\004\100\004\060\004\102\004\076\004\100\000\040\004\072\004\076\004\064\004\060\000\040\004\023\004\100\004\065\004\117\000.}{section*.37}% 29
\BOOKMARK [1][-]{section*.40}{\376\377\004\032\004\076\004\075\004\102\004\100\004\076\004\073\004\114\004\075\004\113\004\065\000\040\004\062\004\076\004\077\004\100\004\076\004\101\004\113\000\040\004\070\000\040\004\067\004\060\004\064\004\060\004\075\004\070\004\117}{chapter.4}% 30
\BOOKMARK [2][-]{section*.41}{\376\377\004\033\004\060\004\061\004\076\004\100\004\060\004\102\004\076\004\100\004\075\004\060\004\117\000\040\004\100\004\060\004\061\004\076\004\102\004\060\000.\000\040\004\032\004\076\004\074\004\061\004\070\004\075\004\060\004\106\004\070\004\076\004\075\004\075\004\113\004\071\000\040\004\020\004\033\004\043\000\040\004\076\004\077\004\065\004\100\004\060\004\075\004\064\004\076\004\062\000\040\004\062\000\040\004\064\004\076\004\077\004\076\004\073\004\075\004\070\004\102\004\065\004\073\004\114\004\075\004\076\004\074\000\040\004\072\004\076\004\064\004\065}{section*.40}% 31
\BOOKMARK [2][-]{section*.42}{\376\377\004\041\004\060\004\074\004\076\004\101\004\102\004\076\004\117\004\102\004\065\004\073\004\114\004\075\004\060\004\117\000\040\004\100\004\060\004\061\004\076\004\102\004\060\000.\000\040\004\022\004\113\004\107\004\070\004\101\004\073\004\065\004\075\004\070\004\065\000\040\004\072\004\076\004\075\004\102\004\100\004\076\004\073\004\114\004\075\004\076\004\071\000\040\004\101\004\103\004\074\004\074\004\113\000\040\004\101\004\065\004\102\004\065\004\062\004\076\004\063\004\076\000\040\000I\000P\000\040\004\077\004\060\004\072\004\065\004\102\004\060}{section*.40}% 32
\BOOKMARK [0][-]{chapter.5}{\376\377\004\037\004\076\004\101\004\073\004\065\004\064\004\076\004\062\004\060\004\102\004\065\004\073\004\114\004\075\004\113\004\065\000\040\004\073\004\076\004\063\004\070\004\107\004\065\004\101\004\072\004\070\004\065\000\040\004\115\004\073\004\065\004\074\004\065\004\075\004\102\004\113}{}% 33
\BOOKMARK [1][-]{section*.43}{\376\377\004\022\004\062\004\065\004\064\004\065\004\075\004\070\004\065}{chapter.5}% 34
\BOOKMARK [1][-]{section*.44}{\376\377\004\042\004\100\004\070\004\063\004\063\004\065\004\100\004\113}{chapter.5}% 35
\BOOKMARK [2][-]{section*.45}{\376\377\004\020\004\101\004\070\004\075\004\105\004\100\004\076\004\075\004\075\004\113\004\071\000\040\000R\000S\000-\004\102\004\100\004\070\004\063\004\063\004\065\004\100}{section*.44}% 36
\BOOKMARK [2][-]{section*.46}{\376\377\000R\000S\000\040\004\102\004\100\004\070\004\063\004\063\004\065\004\100\000\040\004\101\004\076\000\040\004\101\004\102\004\060\004\102\004\070\004\107\004\065\004\101\004\072\004\076\004\071\000\040\004\101\004\070\004\075\004\105\004\100\004\076\004\075\004\070\004\067\004\060\004\106\004\070\004\065\004\071}{section*.44}% 37
\BOOKMARK [2][-]{section*.47}{\376\377\000D\000\040\004\102\004\100\004\070\004\063\004\063\004\065\004\100\000\040\000\050\000D\000\040\004\067\004\060\004\111\004\121\004\073\004\072\004\060\000\051}{section*.44}% 38
\BOOKMARK [2][-]{section*.48}{\376\377\000D\000\040\004\102\004\100\004\070\004\063\004\063\004\065\004\100\000\040\004\101\000\040\004\064\004\070\004\075\004\060\004\074\004\070\004\107\004\065\004\101\004\072\004\076\004\071\000\040\004\101\004\070\004\075\004\105\004\100\004\076\004\075\004\070\004\067\004\060\004\106\004\070\004\065\004\071}{section*.44}% 39
\BOOKMARK [2][-]{section*.49}{\376\377\004\041\004\107\004\065\004\102\004\075\004\113\004\071\000\040\004\042\000\040\004\102\004\100\004\070\004\063\004\063\004\065\004\100}{section*.44}% 40
\BOOKMARK [2][-]{section*.50}{\376\377\004\040\004\065\004\060\004\073\004\070\004\067\004\060\004\106\004\070\004\117\000\040\004\102\004\100\004\070\004\063\004\063\004\065\004\100\004\076\004\062\000\040\004\075\004\060\000\040\000V\000H\000D\000L}{section*.44}% 41
\BOOKMARK [2][-]{section*.57}{\376\377\004\024\004\065\004\102\004\065\004\072\004\102\004\076\004\100\000\040\004\077\004\065\004\100\004\065\004\064\004\075\004\065\004\063\004\076\000\040\004\104\004\100\004\076\004\075\004\102\004\060\000\040\004\101\004\070\004\063\004\075\004\060\004\073\004\060}{section*.44}% 42
\BOOKMARK [1][-]{section*.58}{\376\377\004\041\004\073\004\076\004\066\004\075\004\113\004\065\000\040\004\077\004\076\004\101\004\073\004\065\004\064\004\076\004\062\004\060\004\102\004\065\004\073\004\114\004\075\004\113\004\065\000\040\004\115\004\073\004\065\004\074\004\065\004\075\004\102\004\113}{chapter.5}% 43
\BOOKMARK [2][-]{section*.59}{\376\377\004\041\004\064\004\062\004\070\004\063\004\076\004\062\004\113\004\065\000\040\004\100\004\065\004\063\004\070\004\101\004\102\004\100\004\113}{section*.58}% 44
\BOOKMARK [2][-]{section*.62}{\376\377\004\041\004\107\004\121\004\102\004\107\004\070\004\072\004\070}{section*.58}% 45
\BOOKMARK [2][-]{section*.66}{\376\377\004\034\004\070\004\063\004\060\004\075\004\070\004\065\000\040\004\101\004\062\004\065\004\102\004\076\004\064\004\070\004\076\004\064\004\076\004\074}{section*.58}% 46
\BOOKMARK [2][-]{section*.67}{\376\377\004\041\004\062\004\065\004\102\004\076\004\064\004\070\004\076\004\064\004\075\004\113\004\071\000\040\004\101\004\064\004\062\004\070\004\063\004\076\004\062\004\113\004\071\000\040\004\100\004\065\004\063\004\070\004\101\004\102\004\100}{section*.58}% 47
\BOOKMARK [2][-]{section*.68}{\376\377\004\032\004\076\004\075\004\102\004\100\004\076\004\073\004\114\004\075\004\113\004\065\000\040\004\062\004\076\004\077\004\100\004\076\004\101\004\113}{section*.58}% 48
\BOOKMARK [2][-]{section*.69}{\376\377\004\024\004\076\004\074\004\060\004\110\004\075\004\065\004\065\000\040\004\067\004\060\004\064\004\060\004\075\004\070\004\065}{section*.58}% 49
\BOOKMARK [0][-]{chapter.6}{\376\377\004\020\004\100\004\105\004\070\004\102\004\065\004\072\004\102\004\103\004\100\004\060\000\040\000F\000P\000G\000A}{}% 50
\BOOKMARK [1][-]{section*.70}{\376\377\004\022\004\113\004\062\004\076\004\064\000\040\004\075\004\060\000\040\004\072\004\076\004\075\004\101\004\076\004\073\004\114\000\040\004\062\004\076\000\040\004\062\004\100\004\065\004\074\004\117\000\040\004\101\004\070\004\074\004\103\004\073\004\117\004\106\004\070\004\070}{chapter.6}% 51
\BOOKMARK [0][-]{chapter.7}{\376\377\004\032\004\076\004\075\004\062\004\065\004\071\004\065\004\100\004\075\004\113\004\065\000\040\004\062\004\113\004\107\004\070\004\101\004\073\004\065\004\075\004\070\004\117}{}% 52
\BOOKMARK [1][-]{section*.71}{\376\377\004\022\004\113\004\062\004\076\004\064\000\040\004\075\004\060\000\040\004\072\004\076\004\075\004\101\004\076\004\073\004\114\000\040\004\062\004\076\000\040\004\062\004\100\004\065\004\074\004\117\000\040\004\101\004\070\004\074\004\103\004\073\004\117\004\106\004\070\004\070}{chapter.7}% 53
\BOOKMARK [0][-]{chapter.8}{\376\377\004\036\004\077\004\070\004\101\004\060\004\075\004\070\004\065\000\040\004\072\004\076\004\075\004\065\004\107\004\075\004\113\004\105\000\040\004\060\004\062\004\102\004\076\004\074\004\060\004\102\004\076\004\062\000\040\004\075\004\060\000\040\000V\000H\000D\000L}{}% 54
\BOOKMARK [1][-]{section*.72}{\376\377\004\022\004\113\004\062\004\076\004\064\000\040\004\075\004\060\000\040\004\072\004\076\004\075\004\101\004\076\004\073\004\114\000\040\004\062\004\076\000\040\004\062\004\100\004\065\004\074\004\117\000\040\004\101\004\070\004\074\004\103\004\073\004\117\004\106\004\070\004\070}{chapter.8}% 55
\BOOKMARK [1][-]{section*.74}{\376\377\004\022\004\062\004\065\004\064\004\065\004\075\004\070\004\065}{chapter.8}% 56
\BOOKMARK [1][-]{section*.75}{\376\377\004\041\004\076\004\067\004\064\004\060\004\075\004\070\004\065\000\040\004\070\000\040\004\075\004\060\004\101\004\102\004\100\004\076\004\071\004\072\004\060\000\040\004\117\004\064\004\100\004\060\000\040\000B\000R\000A\000M}{chapter.8}% 57
\BOOKMARK [2][-]{section*.76}{\376\377\004\027\004\060\004\105\004\076\004\064\004\070\004\074\000\040\004\062\000\040\000B\000l\000o\000c\000k\000\040\000M\000e\000m\000o\000r\000y\000\040\000G\000e\000n\000e\000r\000a\000t\000o\000r}{section*.75}% 58
\BOOKMARK [2][-]{section*.77}{\376\377\004\040\004\060\004\061\004\076\004\102\004\060\000\040\004\101\000\040\004\070\004\075\004\102\004\065\004\100\004\104\004\065\004\071\004\101\004\076\004\074\000\040\000B\000M\000G}{section*.75}% 59
\BOOKMARK [2][-]{section*.83}{\376\377\004\022\004\072\004\073\004\116\004\107\004\065\004\075\004\070\004\065\000\040\004\101\004\076\004\067\004\064\004\060\004\075\004\075\004\076\004\063\004\076\000\040\004\117\004\064\004\100\004\060\000\040\004\062\000\040\004\072\004\076\004\064\000\040\000V\000H\000D\000L}{section*.75}% 60
\BOOKMARK [2][-]{section*.84}{\376\377\004\041\004\070\004\074\004\103\004\073\004\117\004\106\004\070\004\117}{section*.75}% 61
\BOOKMARK [1][-]{section*.85}{\376\377\004\033\004\060\004\061\004\076\004\100\004\060\004\102\004\076\004\100\004\075\004\060\004\117\000\040\004\100\004\060\004\061\004\076\004\102\004\060\000:\000\040\004\035\004\060\004\072\004\076\004\077\004\070\004\102\004\065\004\073\004\114\000\040\004\077\004\060\004\074\004\117\004\102\004\070\000\040\004\075\004\060\000\040\004\076\004\101\004\075\004\076\004\062\004\065\000\040\000B\000R\000A\000M}{chapter.8}% 62
\BOOKMARK [2][-]{section*.86}{\376\377\004\041\004\076\004\067\004\064\004\060\004\121\004\074\000\040\004\074\004\076\004\064\004\103\004\073\004\114\000\040\000B\000R\000A\000M}{section*.85}% 63
\BOOKMARK [2][-]{section*.87}{\376\377\004\040\004\065\004\060\004\073\004\070\004\067\004\060\004\106\004\070\004\117\000\040\004\075\004\060\000\040\000V\000H\000D\000L}{section*.85}% 64
\BOOKMARK [2][-]{section*.88}{\376\377\004\041\004\060\004\074\004\076\004\077\004\100\004\076\004\062\004\065\004\100\004\117\004\116\004\111\004\070\004\071\004\101\004\117\000\040\004\102\004\065\004\101\004\102\004\061\004\065\004\075\004\107}{section*.85}% 65
\BOOKMARK [0][-]{chapter.9}{\376\377\004\040\004\060\004\061\004\076\004\102\004\060\000\040\004\101\000\040\004\076\004\107\004\065\004\100\004\065\004\064\004\117\004\074\004\070\000\040\000F\000I\000F\000O}{}% 66
\BOOKMARK [1][-]{section*.89}{\376\377\004\022\004\113\004\062\004\076\004\064\000\040\004\075\004\060\000\040\004\072\004\076\004\075\004\101\004\076\004\073\004\114\000\040\004\062\004\076\000\040\004\062\004\100\004\065\004\074\004\117\000\040\004\101\004\070\004\074\004\103\004\073\004\117\004\106\004\070\004\070}{chapter.9}% 67
\BOOKMARK [0][-]{chapter.10}{\376\377\004\037\004\065\004\100\004\065\004\064\004\060\004\107\004\060\000\040\004\064\004\060\004\075\004\075\004\113\004\105\000\040\004\107\004\065\004\100\004\065\004\067\000\040\000U\000A\000R\000T}{}% 68
\BOOKMARK [1][-]{section*.90}{\376\377\004\022\004\113\004\062\004\076\004\064\000\040\004\075\004\060\000\040\004\072\004\076\004\075\004\101\004\076\004\073\004\114\000\040\004\062\004\076\000\040\004\062\004\100\004\065\004\074\004\117\000\040\004\101\004\070\004\074\004\103\004\073\004\117\004\106\004\070\004\070}{chapter.10}% 69
\BOOKMARK [0][-]{chapter.11}{\376\377\004\036\004\102\004\073\004\060\004\064\004\072\004\060\000\040\004\077\004\100\004\076\004\065\004\072\004\102\004\060\000\040\004\062\000\040\004\066\004\065\004\073\004\065\004\067\004\065}{}% 70
\BOOKMARK [1][-]{section*.91}{\376\377\004\022\004\113\004\062\004\076\004\064\000\040\004\075\004\060\000\040\004\072\004\076\004\075\004\101\004\076\004\073\004\114\000\040\004\062\004\076\000\040\004\062\004\100\004\065\004\074\004\117\000\040\004\101\004\070\004\074\004\103\004\073\004\117\004\106\004\070\004\070}{chapter.11}% 71
